mode: set
github.com/nuzlilatief/hadith-go/cmd/hadith-api/main.go:21.13,25.16 4 0
github.com/nuzlilatief/hadith-go/cmd/hadith-api/main.go:25.16,27.3 1 0
github.com/nuzlilatief/hadith-go/cmd/hadith-api/main.go:29.2,35.47 5 0
github.com/nuzlilatief/hadith-go/cmd/hadith-api/main.go:38.93,42.61 3 1
github.com/nuzlilatief/hadith-go/cmd/hadith-api/main.go:42.61,45.3 1 0
github.com/nuzlilatief/hadith-go/cmd/hadith-api/main.go:47.2,48.61 2 1
github.com/nuzlilatief/hadith-go/cmd/hadith-api/main.go:48.61,49.80 1 0
github.com/nuzlilatief/hadith-go/cmd/hadith-api/main.go:49.80,51.4 1 0
github.com/nuzlilatief/hadith-go/cmd/hadith-api/main.go:53.2,53.74 1 1
github.com/nuzlilatief/hadith-go/cmd/hadith-api/main.go:53.74,56.3 2 1
github.com/nuzlilatief/hadith-go/cmd/hadith-api/main.go:57.2,57.72 1 1
github.com/nuzlilatief/hadith-go/cmd/hadith-api/main.go:57.72,59.3 1 1
github.com/nuzlilatief/hadith-go/cmd/hadith-api/main.go:60.2,60.72 1 1
github.com/nuzlilatief/hadith-go/cmd/hadith-api/main.go:60.72,62.3 1 0
github.com/nuzlilatief/hadith-go/cmd/hadith-api/main.go:63.2,63.73 1 1
github.com/nuzlilatief/hadith-go/cmd/hadith-api/main.go:63.73,68.20 3 1
github.com/nuzlilatief/hadith-go/cmd/hadith-api/main.go:68.20,71.4 2 0
github.com/nuzlilatief/hadith-go/cmd/hadith-api/main.go:72.3,72.22 1 1
github.com/nuzlilatief/hadith-go/cmd/hadith-api/main.go:72.22,75.4 2 0
github.com/nuzlilatief/hadith-go/cmd/hadith-api/main.go:78.3,95.17 12 1
github.com/nuzlilatief/hadith-go/cmd/hadith-api/main.go:95.17,97.4 1 1
github.com/nuzlilatief/hadith-go/cmd/hadith-api/main.go:97.9,99.21 2 0
github.com/nuzlilatief/hadith-go/cmd/hadith-api/main.go:99.21,103.5 2 0
github.com/nuzlilatief/hadith-go/cmd/hadith-api/main.go:107.3,108.33 2 1
github.com/nuzlilatief/hadith-go/cmd/hadith-api/main.go:108.33,111.29 2 0
github.com/nuzlilatief/hadith-go/cmd/hadith-api/main.go:111.29,113.5 1 0
github.com/nuzlilatief/hadith-go/cmd/hadith-api/main.go:114.4,114.41 1 0
github.com/nuzlilatief/hadith-go/cmd/hadith-api/main.go:114.41,115.51 1 0
github.com/nuzlilatief/hadith-go/cmd/hadith-api/main.go:115.51,117.6 1 0
github.com/nuzlilatief/hadith-go/cmd/hadith-api/main.go:118.5,118.57 1 0
github.com/nuzlilatief/hadith-go/cmd/hadith-api/main.go:120.9,123.55 2 1
github.com/nuzlilatief/hadith-go/cmd/hadith-api/main.go:123.55,126.5 2 1
github.com/nuzlilatief/hadith-go/cmd/hadith-api/main.go:126.10,128.17 1 1
github.com/nuzlilatief/hadith-go/cmd/hadith-api/main.go:128.17,130.6 1 1
github.com/nuzlilatief/hadith-go/cmd/hadith-api/main.go:130.11,132.6 1 1
github.com/nuzlilatief/hadith-go/cmd/hadith-api/main.go:133.5,135.40 2 1
github.com/nuzlilatief/hadith-go/cmd/hadith-api/main.go:139.3,139.16 1 1
github.com/nuzlilatief/hadith-go/cmd/hadith-api/main.go:139.16,142.63 2 0
github.com/nuzlilatief/hadith-go/cmd/hadith-api/main.go:142.63,144.5 1 0
github.com/nuzlilatief/hadith-go/cmd/hadith-api/main.go:144.10,144.30 1 0
github.com/nuzlilatief/hadith-go/cmd/hadith-api/main.go:144.30,147.5 2 0
github.com/nuzlilatief/hadith-go/cmd/hadith-api/main.go:148.4,149.22 2 0
github.com/nuzlilatief/hadith-go/cmd/hadith-api/main.go:149.22,150.62 1 0
github.com/nuzlilatief/hadith-go/cmd/hadith-api/main.go:150.62,152.6 1 0
github.com/nuzlilatief/hadith-go/cmd/hadith-api/main.go:152.11,155.6 2 0
github.com/nuzlilatief/hadith-go/cmd/hadith-api/main.go:157.4,157.25 1 0
github.com/nuzlilatief/hadith-go/cmd/hadith-api/main.go:157.25,159.5 1 0
github.com/nuzlilatief/hadith-go/cmd/hadith-api/main.go:160.4,161.22 2 0
github.com/nuzlilatief/hadith-go/cmd/hadith-api/main.go:161.22,163.5 1 0
github.com/nuzlilatief/hadith-go/cmd/hadith-api/main.go:164.4,165.19 2 0
github.com/nuzlilatief/hadith-go/cmd/hadith-api/main.go:165.19,167.5 1 0
github.com/nuzlilatief/hadith-go/cmd/hadith-api/main.go:168.4,172.10 5 0
github.com/nuzlilatief/hadith-go/cmd/hadith-api/main.go:175.3,175.20 1 1
github.com/nuzlilatief/hadith-go/cmd/hadith-api/main.go:175.20,178.21 2 0
github.com/nuzlilatief/hadith-go/cmd/hadith-api/main.go:178.21,179.61 1 0
github.com/nuzlilatief/hadith-go/cmd/hadith-api/main.go:179.61,181.6 1 0
github.com/nuzlilatief/hadith-go/cmd/hadith-api/main.go:181.11,184.6 2 0
github.com/nuzlilatief/hadith-go/cmd/hadith-api/main.go:186.4,187.25 2 0
github.com/nuzlilatief/hadith-go/cmd/hadith-api/main.go:187.25,188.65 1 0
github.com/nuzlilatief/hadith-go/cmd/hadith-api/main.go:188.65,190.6 1 0
github.com/nuzlilatief/hadith-go/cmd/hadith-api/main.go:190.11,193.6 2 0
github.com/nuzlilatief/hadith-go/cmd/hadith-api/main.go:195.4,195.30 1 0
github.com/nuzlilatief/hadith-go/cmd/hadith-api/main.go:195.30,197.5 1 0
github.com/nuzlilatief/hadith-go/cmd/hadith-api/main.go:198.4,200.17 3 0
github.com/nuzlilatief/hadith-go/cmd/hadith-api/main.go:200.17,202.5 1 0
github.com/nuzlilatief/hadith-go/cmd/hadith-api/main.go:203.4,203.21 1 0
github.com/nuzlilatief/hadith-go/cmd/hadith-api/main.go:203.21,205.5 1 0
github.com/nuzlilatief/hadith-go/cmd/hadith-api/main.go:206.4,207.19 2 0
github.com/nuzlilatief/hadith-go/cmd/hadith-api/main.go:207.19,209.5 1 0
github.com/nuzlilatief/hadith-go/cmd/hadith-api/main.go:212.4,216.10 5 0
github.com/nuzlilatief/hadith-go/cmd/hadith-api/main.go:220.3,221.21 2 1
github.com/nuzlilatief/hadith-go/cmd/hadith-api/main.go:221.21,222.61 1 0
github.com/nuzlilatief/hadith-go/cmd/hadith-api/main.go:222.61,224.5 1 0
github.com/nuzlilatief/hadith-go/cmd/hadith-api/main.go:224.10,227.5 2 0
github.com/nuzlilatief/hadith-go/cmd/hadith-api/main.go:229.3,229.26 1 1
github.com/nuzlilatief/hadith-go/cmd/hadith-api/main.go:229.26,231.4 1 0
github.com/nuzlilatief/hadith-go/cmd/hadith-api/main.go:232.3,232.37 1 1
github.com/nuzlilatief/hadith-go/cmd/hadith-api/main.go:232.37,234.4 1 0
github.com/nuzlilatief/hadith-go/cmd/hadith-api/main.go:235.3,235.36 1 1
github.com/nuzlilatief/hadith-go/cmd/hadith-api/main.go:237.2,237.74 1 1
github.com/nuzlilatief/hadith-go/cmd/hadith-api/main.go:237.74,240.22 2 1
github.com/nuzlilatief/hadith-go/cmd/hadith-api/main.go:240.22,243.4 2 0
github.com/nuzlilatief/hadith-go/cmd/hadith-api/main.go:244.3,247.22 3 1
github.com/nuzlilatief/hadith-go/cmd/hadith-api/main.go:247.22,250.4 2 0
github.com/nuzlilatief/hadith-go/cmd/hadith-api/main.go:252.3,253.29 2 1
github.com/nuzlilatief/hadith-go/cmd/hadith-api/main.go:253.29,256.4 2 0
github.com/nuzlilatief/hadith-go/cmd/hadith-api/main.go:257.3,258.10 2 1
github.com/nuzlilatief/hadith-go/cmd/hadith-api/main.go:258.10,261.4 2 1
github.com/nuzlilatief/hadith-go/cmd/hadith-api/main.go:262.3,262.33 1 1
github.com/nuzlilatief/hadith-go/cmd/hadith-api/main.go:266.2,266.54 1 1
github.com/nuzlilatief/hadith-go/cmd/hadith-api/main.go:269.56,270.71 1 1
github.com/nuzlilatief/hadith-go/cmd/hadith-api/main.go:270.71,273.3 2 1
github.com/nuzlilatief/hadith-go/cmd/hadith-api/main.go:276.54,277.71 1 1
github.com/nuzlilatief/hadith-go/cmd/hadith-api/main.go:277.71,282.3 4 1
github.com/nuzlilatief/hadith-go/cmd/hadith-api/main.go:285.43,286.71 1 1
github.com/nuzlilatief/hadith-go/cmd/hadith-api/main.go:286.71,290.37 4 1
github.com/nuzlilatief/hadith-go/cmd/hadith-api/main.go:290.37,293.4 2 0
github.com/nuzlilatief/hadith-go/cmd/hadith-api/main.go:294.3,294.23 1 1
github.com/nuzlilatief/hadith-go/cmd/hadith-api/main.go:298.58,304.2 5 1
github.com/nuzlilatief/hadith-go/cmd/hadith-api/main.go:306.34,307.32 1 0
github.com/nuzlilatief/hadith-go/cmd/hadith-api/main.go:307.32,309.3 1 0
github.com/nuzlilatief/hadith-go/cmd/hadith-api/main.go:310.2,310.12 1 0
github.com/nuzlilatief/hadith-go/cmd/hadith-api/main.go:313.58,317.2 3 1
github.com/nuzlilatief/hadith-go/cmd/hadith-api/main.go:320.29,322.25 2 0
github.com/nuzlilatief/hadith-go/cmd/hadith-api/main.go:322.25,323.80 1 0
github.com/nuzlilatief/hadith-go/cmd/hadith-api/main.go:323.80,325.4 1 0
github.com/nuzlilatief/hadith-go/cmd/hadith-api/main.go:326.3,327.20 2 0
github.com/nuzlilatief/hadith-go/cmd/hadith-api/main.go:327.20,328.9 1 0
github.com/nuzlilatief/hadith-go/cmd/hadith-api/main.go:330.3,330.15 1 0
github.com/nuzlilatief/hadith-go/cmd/hadith-api/main.go:332.2,332.12 1 0
